<?xml version="1.0"?>
<project xmlns="http://maven.apache.org/POM/4.0.0" xmlns:xsi="http://www.w3.org/2001/XMLSchema-instance" xsi:schemaLocation="http://maven.apache.org/POM/4.0.0 http://maven.apache.org/maven-v4_0_0.xsd">
  <modelVersion>4.0.0</modelVersion>
  <groupId>example</groupId>
  <artifactId>app</artifactId>
  <packaging>jar</packaging>
  <version>2.0-SNAPSHOT</version>
  <name>app</name>
  <url>http://maven.apache.org</url>
  <properties>
    <project.build.sourceEncoding>UTF-8</project.build.sourceEncoding>
    <hamcrest-all.version>1.3</hamcrest-all.version>
    <junit.version>4.12</junit.version>
    <selenium.version>2.44.0</selenium.version>
    <selenium-firefox-driver.version>2.43.1</selenium-firefox-driver.version>
    <selenium.version>3.13.0</selenium.version>
    <selenium-firefox-driver.version>${selenium.version}</selenium-firefox-driver.version>
    <testng.version>6.14.3</testng.version>
    <!--
    <testng.version>6.8.8</testng.version>
    -->
    <!--  
    [ERROR] org.testng.TestNGException: 
    org.xml.sax.SAXParseException; 
    lineNumber: 18; columnNumber: 15; 
    The content of element type "classes" must match "(class*,parameter*)".
    -->
    <maven-compiler-plugin.version>2.0.2</maven-compiler-plugin.version>
    <java.version>1.8</java.version>
    <maven.compiler.source>1.8</maven.compiler.source>
    <maven.compiler.target>1.8</maven.compiler.target>
  </properties>
  <dependencies>
    <dependency>
      <groupId>junit</groupId>
      <artifactId>junit</artifactId>
      <version>${junit.version}</version>
    </dependency>
    <dependency>
      <groupId>org.seleniumhq.selenium</groupId>
      <artifactId>selenium-java</artifactId>
      <version>${selenium.version}</version>
    </dependency>
    <dependency>
      <groupId>org.seleniumhq.selenium</groupId>
      <artifactId>selenium-server</artifactId>
      <version>${selenium.version}</version>
    </dependency>
    <dependency>
      <groupId>org.seleniumhq.selenium</groupId>
      <artifactId>selenium-support</artifactId>
      <version>${selenium.version}</version>
    </dependency>
    <dependency>
      <groupId>com.github.detro</groupId>
      <artifactId>phantomjsdriver</artifactId>
      <version>1.2.0</version>
    </dependency>
    <dependency>
      <groupId>org.seleniumhq.selenium</groupId>
      <artifactId>selenium-firefox-driver</artifactId>
      <version>${selenium-firefox-driver.version}</version>
    </dependency>
    <dependency>
      <groupId>org.seleniumhq.selenium</groupId>
      <artifactId>selenium-remote-driver</artifactId>
      <version>${selenium.version}</version>
    </dependency>
    <dependency>
      <groupId>commons-io</groupId>
      <artifactId>commons-io</artifactId>
      <version>2.4</version>
    </dependency>
    <dependency>
      <groupId>org.apache.commons</groupId>
      <artifactId>commons-exec</artifactId>
      <version>1.1</version>
    </dependency>
    <dependency>
      <groupId>org.json</groupId>
      <artifactId>json</artifactId>
      <version>20080701</version>
    </dependency>
    <dependency>
      <groupId>org.testng</groupId>
      <artifactId>testng</artifactId>
      <version>${testng.version}</version>
      <exclusions>
        <exclusion>
          <groupId>junit</groupId>
          <artifactId>junit</artifactId>
        </exclusion>
      </exclusions>
      <scope>test</scope>
    </dependency>
    <dependency>
      <groupId>org.hamcrest</groupId>
      <artifactId>hamcrest-all</artifactId>
      <version>${hamcrest-all.version}</version>
      <scope>test</scope>
    </dependency>
  </dependencies>
  <dependencyManagement>
    <dependencies>
      <dependency>
        <groupId>com.opera</groupId>
        <artifactId>firefoxdriver</artifactId>
        <version>1.1</version>
        <exclusions>
          <exclusion>
            <groupId>org.seleniumhq.selenium</groupId>
            <artifactId>selenium-remote-driver</artifactId>
          </exclusion>
        </exclusions>
      </dependency>
    </dependencies>
  </dependencyManagement>
  <build>
    <plugins>
      <plugin>
        <groupId>org.apache.maven.plugins</groupId>
        <artifactId>maven-surefire-plugin</artifactId>
        <version>2.18</version>
        <configuration>
          <suiteXmlFiles>
            <suiteXmlFile>testng.config</suiteXmlFile>
          </suiteXmlFiles>
        </configuration>
      </plugin>
      <plugin>
        <groupId>org.apache.maven.plugins</groupId>
        <artifactId>maven-compiler-plugin</artifactId>
        <version>${maven-compiler-plugin.version}</version>
        <goals>
          <goal>compile</goal>
        </goals>
        <configuration>
          <source>${java.version}</source>
          <target>${java.version}</target>
        </configuration>
      </plugin>
      <plugin>
        <artifactId>maven-dependency-plugin</artifactId>
        <executions>
          <execution>
            <phase>install</phase>
            <goals>
              <goal>copy-dependencies</goal>
            </goals>
            <configuration>
              <outputDirectory>${project.build.directory}/lib</outputDirectory>
            </configuration>
          </execution>
        </executions>
      </plugin>
    </plugins>
  </build>
</project>
